000 (6579800.000.000) 06/25 03:51:10 Job submitted from host: <172.20.3.187:9618?addrs=172.20.3.187-9618&noUDP&sock=2291_0390_3>
...
001 (6579800.000.000) 06/25 03:51:26 Job executing on host: <172.20.225.7:9618?addrs=172.20.225.7-9618&alias=hep107&noUDP&sock=startd_3208_ffe8>
...
006 (6579800.000.000) 06/25 03:51:34 Image size of job updated: 317364
	111  -  MemoryUsage of job (MB)
	112748  -  ResidentSetSize of job (KB)
...
006 (6579800.000.000) 06/25 03:56:34 Image size of job updated: 1955252
	1022  -  MemoryUsage of job (MB)
	1045964  -  ResidentSetSize of job (KB)
...
006 (6579800.000.000) 06/25 04:01:35 Image size of job updated: 2424756
	1470  -  MemoryUsage of job (MB)
	1505276  -  ResidentSetSize of job (KB)
...
006 (6579800.000.000) 06/25 04:06:35 Image size of job updated: 2885044
	1920  -  MemoryUsage of job (MB)
	1965992  -  ResidentSetSize of job (KB)
...
006 (6579800.000.000) 06/25 04:06:43 Image size of job updated: 2889908
	1932  -  MemoryUsage of job (MB)
	1977724  -  ResidentSetSize of job (KB)
...
004 (6579800.000.000) 06/25 04:06:43 Job was evicted.
	(0) Job was not checkpointed.
		Usr 0 00:15:05, Sys 0 00:00:05  -  Run Remote Usage
		Usr 0 00:00:00, Sys 0 00:00:00  -  Run Local Usage
	0  -  Run Bytes Sent By Job
	14807  -  Run Bytes Received By Job
	Partitionable Resources :    Usage  Request Allocated 
	   Cpus                 :     1.00        1         1 
	   Disk (KB)            :   132          15 476197974 
	   Memory (MB)          :  1932           1      8033 
...
009 (6579800.000.000) 06/25 04:06:43 Job was aborted by the user.
	via condor_rm (by user jpfeife2)
...
000 (6579801.000.000) 06/25 04:06:55 Job submitted from host: <172.20.3.187:9618?addrs=172.20.3.187-9618&noUDP&sock=2291_0390_3>
...
001 (6579801.000.000) 06/25 04:06:56 Job executing on host: <172.20.225.5:9618?addrs=172.20.225.5-9618&alias=hep105&noUDP&sock=startd_3201_32bf>
...
006 (6579801.000.000) 06/25 04:07:03 Image size of job updated: 400296
	0  -  MemoryUsage of job (MB)
	0  -  ResidentSetSize of job (KB)
...
005 (6579801.000.000) 06/25 04:07:03 Job terminated.
	(1) Normal termination (return value 2)
		Usr 0 00:00:01, Sys 0 00:00:00  -  Run Remote Usage
		Usr 0 00:00:00, Sys 0 00:00:00  -  Run Local Usage
		Usr 0 00:00:01, Sys 0 00:00:00  -  Total Remote Usage
		Usr 0 00:00:00, Sys 0 00:00:00  -  Total Local Usage
	243  -  Run Bytes Sent By Job
	14807  -  Run Bytes Received By Job
	243  -  Total Bytes Sent By Job
	14807  -  Total Bytes Received By Job
	Partitionable Resources :    Usage  Request Allocated 
	   Cpus                 :                 1         1 
	   Disk (KB)            :       24       15 476180352 
	   Memory (MB)          :        0        1      8033 
...
000 (6579802.000.000) 06/25 04:08:07 Job submitted from host: <172.20.3.187:9618?addrs=172.20.3.187-9618&noUDP&sock=2291_0390_3>
...
001 (6579802.000.000) 06/25 04:08:17 Job executing on host: <172.20.225.6:9618?addrs=172.20.225.6-9618&alias=hep106&noUDP&sock=startd_3198_23f6>
...
006 (6579802.000.000) 06/25 04:08:25 Image size of job updated: 482612
	143  -  MemoryUsage of job (MB)
	145944  -  ResidentSetSize of job (KB)
...
006 (6579802.000.000) 06/25 04:13:25 Image size of job updated: 12937584
	7154  -  MemoryUsage of job (MB)
	7324904  -  ResidentSetSize of job (KB)
...
006 (6579802.000.000) 06/25 04:18:26 Image size of job updated: 13455216
	7655  -  MemoryUsage of job (MB)
	7838072  -  ResidentSetSize of job (KB)
...
006 (6579802.000.000) 06/25 04:23:27 Image size of job updated: 13967984
	8155  -  MemoryUsage of job (MB)
	8350032  -  ResidentSetSize of job (KB)
...
006 (6579802.000.000) 06/25 04:28:27 Image size of job updated: 14480752
	8654  -  MemoryUsage of job (MB)
	8860760  -  ResidentSetSize of job (KB)
...
006 (6579802.000.000) 06/25 04:33:27 Image size of job updated: 14990192
	9152  -  MemoryUsage of job (MB)
	9370920  -  ResidentSetSize of job (KB)
...
006 (6579802.000.000) 06/25 04:38:28 Image size of job updated: 15492976
	9656  -  MemoryUsage of job (MB)
	9887088  -  ResidentSetSize of job (KB)
...
006 (6579802.000.000) 06/25 04:43:28 Image size of job updated: 16023664
	10160  -  MemoryUsage of job (MB)
	10403732  -  ResidentSetSize of job (KB)
...
006 (6579802.000.000) 06/25 04:48:28 Image size of job updated: 16520816
	10653  -  MemoryUsage of job (MB)
	10908636  -  ResidentSetSize of job (KB)
...
006 (6579802.000.000) 06/25 04:53:28 Image size of job updated: 17012592
	11150  -  MemoryUsage of job (MB)
	11417216  -  ResidentSetSize of job (KB)
...
006 (6579802.000.000) 06/25 04:58:28 Image size of job updated: 17532784
	11646  -  MemoryUsage of job (MB)
	11924800  -  ResidentSetSize of job (KB)
...
006 (6579802.000.000) 06/25 05:03:29 Image size of job updated: 18046320
	12137  -  MemoryUsage of job (MB)
	12427640  -  ResidentSetSize of job (KB)
...
006 (6579802.000.000) 06/25 05:08:29 Image size of job updated: 18545008
	12628  -  MemoryUsage of job (MB)
	12930412  -  ResidentSetSize of job (KB)
...
006 (6579802.000.000) 06/25 05:13:29 Image size of job updated: 19019376
	13104  -  MemoryUsage of job (MB)
	13417532  -  ResidentSetSize of job (KB)
...
006 (6579802.000.000) 06/25 05:18:30 Image size of job updated: 19511152
	13584  -  MemoryUsage of job (MB)
	13909784  -  ResidentSetSize of job (KB)
...
006 (6579802.000.000) 06/25 05:23:30 Image size of job updated: 20019568
	14084  -  MemoryUsage of job (MB)
	14421088  -  ResidentSetSize of job (KB)
...
006 (6579802.000.000) 06/25 05:28:30 Image size of job updated: 20532080
	14578  -  MemoryUsage of job (MB)
	14927792  -  ResidentSetSize of job (KB)
...
006 (6579802.000.000) 06/25 05:33:31 Image size of job updated: 21053040
	15071  -  MemoryUsage of job (MB)
	15432636  -  ResidentSetSize of job (KB)
...
006 (6579802.000.000) 06/25 05:38:31 Image size of job updated: 21555568
	15564  -  MemoryUsage of job (MB)
	15937328  -  ResidentSetSize of job (KB)
...
006 (6579802.000.000) 06/25 05:43:31 Image size of job updated: 22036336
	16050  -  MemoryUsage of job (MB)
	16434624  -  ResidentSetSize of job (KB)
...
006 (6579802.000.000) 06/25 05:48:33 Image size of job updated: 22542192
	16543  -  MemoryUsage of job (MB)
	16939060  -  ResidentSetSize of job (KB)
...
006 (6579802.000.000) 06/25 05:53:33 Image size of job updated: 23046256
	17028  -  MemoryUsage of job (MB)
	17435684  -  ResidentSetSize of job (KB)
...
006 (6579802.000.000) 06/25 05:58:33 Image size of job updated: 23550832
	17518  -  MemoryUsage of job (MB)
	17937960  -  ResidentSetSize of job (KB)
...
006 (6579802.000.000) 06/25 06:03:34 Image size of job updated: 24059504
	18013  -  MemoryUsage of job (MB)
	18445116  -  ResidentSetSize of job (KB)
...
006 (6579802.000.000) 06/25 06:08:35 Image size of job updated: 24563312
	18499  -  MemoryUsage of job (MB)
	18942636  -  ResidentSetSize of job (KB)
...
006 (6579802.000.000) 06/25 06:13:35 Image size of job updated: 25054832
	18989  -  MemoryUsage of job (MB)
	19444528  -  ResidentSetSize of job (KB)
...
006 (6579802.000.000) 06/25 06:18:36 Image size of job updated: 25566576
	19478  -  MemoryUsage of job (MB)
	19945352  -  ResidentSetSize of job (KB)
...
006 (6579802.000.000) 06/25 06:23:37 Image size of job updated: 26067056
	19969  -  MemoryUsage of job (MB)
	20447760  -  ResidentSetSize of job (KB)
...
006 (6579802.000.000) 06/25 06:28:37 Image size of job updated: 26568304
	20459  -  MemoryUsage of job (MB)
	20949020  -  ResidentSetSize of job (KB)
...
006 (6579802.000.000) 06/25 06:33:38 Image size of job updated: 27068784
	20950  -  MemoryUsage of job (MB)
	21452284  -  ResidentSetSize of job (KB)
...
006 (6579802.000.000) 06/25 06:38:39 Image size of job updated: 27576176
	21445  -  MemoryUsage of job (MB)
	21958936  -  ResidentSetSize of job (KB)
...
006 (6579802.000.000) 06/25 06:43:39 Image size of job updated: 28074864
	21929  -  MemoryUsage of job (MB)
	22454968  -  ResidentSetSize of job (KB)
...
006 (6579802.000.000) 06/25 06:48:39 Image size of job updated: 28574320
	22415  -  MemoryUsage of job (MB)
	22952564  -  ResidentSetSize of job (KB)
...
006 (6579802.000.000) 06/25 06:53:40 Image size of job updated: 29067376
	22903  -  MemoryUsage of job (MB)
	23452028  -  ResidentSetSize of job (KB)
...
006 (6579802.000.000) 06/25 06:58:40 Image size of job updated: 29568112
	23386  -  MemoryUsage of job (MB)
	23947040  -  ResidentSetSize of job (KB)
...
006 (6579802.000.000) 06/25 07:03:40 Image size of job updated: 30061424
	23873  -  MemoryUsage of job (MB)
	24445532  -  ResidentSetSize of job (KB)
...
006 (6579802.000.000) 06/25 07:08:41 Image size of job updated: 30544752
	24346  -  MemoryUsage of job (MB)
	24929836  -  ResidentSetSize of job (KB)
...
006 (6579802.000.000) 06/25 07:13:41 Image size of job updated: 31024496
	24827  -  MemoryUsage of job (MB)
	25422116  -  ResidentSetSize of job (KB)
...
006 (6579802.000.000) 06/25 07:18:41 Image size of job updated: 31542896
	25314  -  MemoryUsage of job (MB)
	25921160  -  ResidentSetSize of job (KB)
...
006 (6579802.000.000) 06/25 07:23:42 Image size of job updated: 32023664
	25795  -  MemoryUsage of job (MB)
	26413964  -  ResidentSetSize of job (KB)
...
006 (6579802.000.000) 06/25 07:28:43 Image size of job updated: 32520304
	26275  -  MemoryUsage of job (MB)
	26905408  -  ResidentSetSize of job (KB)
...
006 (6579802.000.000) 06/25 07:33:43 Image size of job updated: 32998768
	26756  -  MemoryUsage of job (MB)
	27397724  -  ResidentSetSize of job (KB)
...
006 (6579802.000.000) 06/25 07:38:44 Image size of job updated: 33502832
	27233  -  MemoryUsage of job (MB)
	27885748  -  ResidentSetSize of job (KB)
...
006 (6579802.000.000) 06/25 07:43:45 Image size of job updated: 33992560
	27708  -  MemoryUsage of job (MB)
	28372024  -  ResidentSetSize of job (KB)
...
006 (6579802.000.000) 06/25 07:48:45 Image size of job updated: 34456944
	28181  -  MemoryUsage of job (MB)
	28857088  -  ResidentSetSize of job (KB)
...
006 (6579802.000.000) 06/25 07:53:47 Image size of job updated: 34926960
	28642  -  MemoryUsage of job (MB)
	29328760  -  ResidentSetSize of job (KB)
...
006 (6579802.000.000) 06/25 07:58:47 Image size of job updated: 35436656
	29118  -  MemoryUsage of job (MB)
	29816668  -  ResidentSetSize of job (KB)
...
006 (6579802.000.000) 06/25 08:03:47 Image size of job updated: 35907952
	29597  -  MemoryUsage of job (MB)
	30306360  -  ResidentSetSize of job (KB)
...
006 (6579802.000.000) 06/25 08:08:48 Image size of job updated: 36402544
	30080  -  MemoryUsage of job (MB)
	30801260  -  ResidentSetSize of job (KB)
...
006 (6579802.000.000) 06/25 08:13:49 Image size of job updated: 36900976
	30564  -  MemoryUsage of job (MB)
	31297476  -  ResidentSetSize of job (KB)
...
006 (6579802.000.000) 06/25 08:18:49 Image size of job updated: 37395312
	31043  -  MemoryUsage of job (MB)
	31787684  -  ResidentSetSize of job (KB)
...
006 (6579802.000.000) 06/25 08:23:50 Image size of job updated: 37893744
	31520  -  MemoryUsage of job (MB)
	32275736  -  ResidentSetSize of job (KB)
...
006 (6579802.000.000) 06/25 08:28:51 Image size of job updated: 38379376
	31995  -  MemoryUsage of job (MB)
	32762512  -  ResidentSetSize of job (KB)
...
006 (6579802.000.000) 06/25 08:33:51 Image size of job updated: 38835824
	32459  -  MemoryUsage of job (MB)
	33237200  -  ResidentSetSize of job (KB)
...
006 (6579802.000.000) 06/25 08:38:52 Image size of job updated: 39326832
	32933  -  MemoryUsage of job (MB)
	33723212  -  ResidentSetSize of job (KB)
...
006 (6579802.000.000) 06/25 08:43:53 Image size of job updated: 39817072
	33398  -  MemoryUsage of job (MB)
	34199068  -  ResidentSetSize of job (KB)
...
006 (6579802.000.000) 06/25 08:48:53 Image size of job updated: 40300144
	33869  -  MemoryUsage of job (MB)
	34681684  -  ResidentSetSize of job (KB)
...
006 (6579802.000.000) 06/25 08:53:53 Image size of job updated: 40785264
	34344  -  MemoryUsage of job (MB)
	35167616  -  ResidentSetSize of job (KB)
...
006 (6579802.000.000) 06/25 08:58:54 Image size of job updated: 41271408
	34816  -  MemoryUsage of job (MB)
	35651084  -  ResidentSetSize of job (KB)
...
006 (6579802.000.000) 06/25 09:03:54 Image size of job updated: 41744752
	35295  -  MemoryUsage of job (MB)
	36141368  -  ResidentSetSize of job (KB)
...
006 (6579802.000.000) 06/25 09:08:54 Image size of job updated: 42247536
	35781  -  MemoryUsage of job (MB)
	36639628  -  ResidentSetSize of job (KB)
...
006 (6579802.000.000) 06/25 09:13:55 Image size of job updated: 42754416
	36277  -  MemoryUsage of job (MB)
	37147428  -  ResidentSetSize of job (KB)
...
006 (6579802.000.000) 06/25 09:18:56 Image size of job updated: 43257968
	36766  -  MemoryUsage of job (MB)
	37648372  -  ResidentSetSize of job (KB)
...
006 (6579802.000.000) 06/25 09:23:56 Image size of job updated: 43765360
	37259  -  MemoryUsage of job (MB)
	38152636  -  ResidentSetSize of job (KB)
...
006 (6579802.000.000) 06/25 09:28:57 Image size of job updated: 44281456
	37762  -  MemoryUsage of job (MB)
	38668228  -  ResidentSetSize of job (KB)
...
006 (6579802.000.000) 06/25 09:33:58 Image size of job updated: 44833392
	38305  -  MemoryUsage of job (MB)
	39224320  -  ResidentSetSize of job (KB)
...
006 (6579802.000.000) 06/25 09:38:58 Image size of job updated: 45399920
	38859  -  MemoryUsage of job (MB)
	39790616  -  ResidentSetSize of job (KB)
...
006 (6579802.000.000) 06/25 09:43:58 Image size of job updated: 45957744
	39415  -  MemoryUsage of job (MB)
	40360692  -  ResidentSetSize of job (KB)
...
006 (6579802.000.000) 06/25 09:49:00 Image size of job updated: 46536560
	39970  -  MemoryUsage of job (MB)
	40928812  -  ResidentSetSize of job (KB)
...
006 (6579802.000.000) 06/25 09:54:00 Image size of job updated: 47094640
	40515  -  MemoryUsage of job (MB)
	41487112  -  ResidentSetSize of job (KB)
...
006 (6579802.000.000) 06/25 09:59:00 Image size of job updated: 47662704
	41069  -  MemoryUsage of job (MB)
	42054364  -  ResidentSetSize of job (KB)
...
006 (6579802.000.000) 06/25 10:04:01 Image size of job updated: 48220016
	41616  -  MemoryUsage of job (MB)
	42614120  -  ResidentSetSize of job (KB)
...
006 (6579802.000.000) 06/25 10:09:02 Image size of job updated: 48783216
	42165  -  MemoryUsage of job (MB)
	43176560  -  ResidentSetSize of job (KB)
...
006 (6579802.000.000) 06/25 10:14:03 Image size of job updated: 49342576
	42710  -  MemoryUsage of job (MB)
	43734992  -  ResidentSetSize of job (KB)
...
006 (6579802.000.000) 06/25 10:19:03 Image size of job updated: 49901168
	43256  -  MemoryUsage of job (MB)
	44293316  -  ResidentSetSize of job (KB)
...
006 (6579802.000.000) 06/25 10:24:03 Image size of job updated: 50461296
	43802  -  MemoryUsage of job (MB)
	44853140  -  ResidentSetSize of job (KB)
...
006 (6579802.000.000) 06/25 10:29:04 Image size of job updated: 51021168
	44351  -  MemoryUsage of job (MB)
	45415096  -  ResidentSetSize of job (KB)
...
006 (6579802.000.000) 06/25 10:34:05 Image size of job updated: 51581296
	44897  -  MemoryUsage of job (MB)
	45973964  -  ResidentSetSize of job (KB)
...
006 (6579802.000.000) 06/25 10:39:05 Image size of job updated: 52136816
	45439  -  MemoryUsage of job (MB)
	46529088  -  ResidentSetSize of job (KB)
...
006 (6579802.000.000) 06/25 10:44:05 Image size of job updated: 52695152
	45986  -  MemoryUsage of job (MB)
	47089472  -  ResidentSetSize of job (KB)
...
006 (6579802.000.000) 06/25 10:49:06 Image size of job updated: 53250672
	46528  -  MemoryUsage of job (MB)
	47644488  -  ResidentSetSize of job (KB)
...
006 (6579802.000.000) 06/25 10:54:07 Image size of job updated: 53805936
	47071  -  MemoryUsage of job (MB)
	48200356  -  ResidentSetSize of job (KB)
...
006 (6579802.000.000) 06/25 10:59:07 Image size of job updated: 54362992
	47614  -  MemoryUsage of job (MB)
	48756552  -  ResidentSetSize of job (KB)
...
006 (6579802.000.000) 06/25 11:04:07 Image size of job updated: 54913392
	48154  -  MemoryUsage of job (MB)
	49308784  -  ResidentSetSize of job (KB)
...
006 (6579802.000.000) 06/25 11:09:08 Image size of job updated: 55468144
	48696  -  MemoryUsage of job (MB)
	49863732  -  ResidentSetSize of job (KB)
...
006 (6579802.000.000) 06/25 11:14:09 Image size of job updated: 56020592
	49235  -  MemoryUsage of job (MB)
	50416180  -  ResidentSetSize of job (KB)
...
006 (6579802.000.000) 06/25 11:19:09 Image size of job updated: 56563824
	49763  -  MemoryUsage of job (MB)
	50956380  -  ResidentSetSize of job (KB)
...
006 (6579802.000.000) 06/25 11:24:10 Image size of job updated: 57055600
	50230  -  MemoryUsage of job (MB)
	51434572  -  ResidentSetSize of job (KB)
...
006 (6579802.000.000) 06/25 11:29:11 Image size of job updated: 57492080
	50657  -  MemoryUsage of job (MB)
	51871820  -  ResidentSetSize of job (KB)
...
006 (6579802.000.000) 06/25 11:34:11 Image size of job updated: 57931376
	51092  -  MemoryUsage of job (MB)
	52317732  -  ResidentSetSize of job (KB)
...
006 (6579802.000.000) 06/25 11:39:11 Image size of job updated: 58391920
	51554  -  MemoryUsage of job (MB)
	52790296  -  ResidentSetSize of job (KB)
...
006 (6579802.000.000) 06/25 11:44:12 Image size of job updated: 58890096
	52022  -  MemoryUsage of job (MB)
	53269612  -  ResidentSetSize of job (KB)
...
006 (6579802.000.000) 06/25 11:49:12 Image size of job updated: 59369840
	52503  -  MemoryUsage of job (MB)
	53762668  -  ResidentSetSize of job (KB)
...
006 (6579802.000.000) 06/25 11:54:12 Image size of job updated: 59881072
	52991  -  MemoryUsage of job (MB)
	54261912  -  ResidentSetSize of job (KB)
...
006 (6579802.000.000) 06/25 11:59:13 Image size of job updated: 60376688
	53483  -  MemoryUsage of job (MB)
	54766360  -  ResidentSetSize of job (KB)
...
006 (6579802.000.000) 06/25 12:04:14 Image size of job updated: 60902256
	53992  -  MemoryUsage of job (MB)
	55287624  -  ResidentSetSize of job (KB)
...
006 (6579802.000.000) 06/25 12:09:14 Image size of job updated: 61408112
	54483  -  MemoryUsage of job (MB)
	55790352  -  ResidentSetSize of job (KB)
...
006 (6579802.000.000) 06/25 12:14:14 Image size of job updated: 61854064
	54919  -  MemoryUsage of job (MB)
	56236664  -  ResidentSetSize of job (KB)
...
006 (6579802.000.000) 06/25 12:19:15 Image size of job updated: 62321008
	55383  -  MemoryUsage of job (MB)
	56711744  -  ResidentSetSize of job (KB)
...
006 (6579802.000.000) 06/25 12:24:16 Image size of job updated: 62807152
	55863  -  MemoryUsage of job (MB)
	57203696  -  ResidentSetSize of job (KB)
...
006 (6579802.000.000) 06/25 12:29:16 Image size of job updated: 63290992
	56328  -  MemoryUsage of job (MB)
	57679192  -  ResidentSetSize of job (KB)
...
006 (6579802.000.000) 06/25 12:34:16 Image size of job updated: 63807088
	56836  -  MemoryUsage of job (MB)
	58199384  -  ResidentSetSize of job (KB)
...
006 (6579802.000.000) 06/25 12:39:17 Image size of job updated: 64323184
	57342  -  MemoryUsage of job (MB)
	58717208  -  ResidentSetSize of job (KB)
...
006 (6579802.000.000) 06/25 12:44:17 Image size of job updated: 64844912
	57849  -  MemoryUsage of job (MB)
	59237276  -  ResidentSetSize of job (KB)
...
006 (6579802.000.000) 06/25 12:49:17 Image size of job updated: 65396336
	58384  -  MemoryUsage of job (MB)
	59784792  -  ResidentSetSize of job (KB)
...
006 (6579802.000.000) 06/25 12:54:18 Image size of job updated: 65942640
	58921  -  MemoryUsage of job (MB)
	60334456  -  ResidentSetSize of job (KB)
...
006 (6579802.000.000) 06/25 12:59:19 Image size of job updated: 66449776
	59406  -  MemoryUsage of job (MB)
	60830812  -  ResidentSetSize of job (KB)
...
006 (6579802.000.000) 06/25 13:04:19 Image size of job updated: 66923888
	59870  -  MemoryUsage of job (MB)
	61306396  -  ResidentSetSize of job (KB)
...
006 (6579802.000.000) 06/25 13:09:19 Image size of job updated: 67403376
	60338  -  MemoryUsage of job (MB)
	61785508  -  ResidentSetSize of job (KB)
...
006 (6579802.000.000) 06/25 13:14:20 Image size of job updated: 67867248
	60791  -  MemoryUsage of job (MB)
	62249688  -  ResidentSetSize of job (KB)
...
006 (6579802.000.000) 06/25 13:19:20 Image size of job updated: 68337264
	61249  -  MemoryUsage of job (MB)
	62718144  -  ResidentSetSize of job (KB)
...
006 (6579802.000.000) 06/25 13:24:20 Image size of job updated: 68818800
	61717  -  MemoryUsage of job (MB)
	63197936  -  ResidentSetSize of job (KB)
...
006 (6579802.000.000) 06/25 13:29:21 Image size of job updated: 69292912
	62182  -  MemoryUsage of job (MB)
	63673896  -  ResidentSetSize of job (KB)
...
006 (6579802.000.000) 06/25 13:34:22 Image size of job updated: 69754992
	62649  -  MemoryUsage of job (MB)
	64152392  -  ResidentSetSize of job (KB)
...
006 (6579802.000.000) 06/25 13:39:22 Image size of job updated: 70238064
	63117  -  MemoryUsage of job (MB)
	64631156  -  ResidentSetSize of job (KB)
...
006 (6579802.000.000) 06/25 13:44:23 Image size of job updated: 70722928
	63588  -  MemoryUsage of job (MB)
	65113604  -  ResidentSetSize of job (KB)
...
006 (6579802.000.000) 06/25 13:49:24 Image size of job updated: 71190384
	64052  -  MemoryUsage of job (MB)
	65588780  -  ResidentSetSize of job (KB)
...
006 (6579802.000.000) 06/25 13:54:24 Image size of job updated: 71671664
	64518  -  MemoryUsage of job (MB)
	66066040  -  ResidentSetSize of job (KB)
...
006 (6579802.000.000) 06/25 13:59:25 Image size of job updated: 72159856
	64986  -  MemoryUsage of job (MB)
	66544644  -  ResidentSetSize of job (KB)
...
006 (6579802.000.000) 06/25 14:04:26 Image size of job updated: 72636784
	65447  -  MemoryUsage of job (MB)
	67017588  -  ResidentSetSize of job (KB)
...
006 (6579802.000.000) 06/25 14:09:26 Image size of job updated: 73096560
	65916  -  MemoryUsage of job (MB)
	67497060  -  ResidentSetSize of job (KB)
...
006 (6579802.000.000) 06/25 14:14:26 Image size of job updated: 73591664
	66389  -  MemoryUsage of job (MB)
	67982264  -  ResidentSetSize of job (KB)
...
006 (6579802.000.000) 06/25 14:19:27 Image size of job updated: 74089584
	66866  -  MemoryUsage of job (MB)
	68470352  -  ResidentSetSize of job (KB)
...
006 (6579802.000.000) 06/25 14:24:28 Image size of job updated: 74568304
	67344  -  MemoryUsage of job (MB)
	68960016  -  ResidentSetSize of job (KB)
...
006 (6579802.000.000) 06/25 14:29:28 Image size of job updated: 75065200
	67829  -  MemoryUsage of job (MB)
	69456228  -  ResidentSetSize of job (KB)
...
006 (6579802.000.000) 06/25 14:34:29 Image size of job updated: 75565168
	68316  -  MemoryUsage of job (MB)
	69954616  -  ResidentSetSize of job (KB)
...
006 (6579802.000.000) 06/25 14:39:30 Image size of job updated: 76057456
	68794  -  MemoryUsage of job (MB)
	70444756  -  ResidentSetSize of job (KB)
...
006 (6579802.000.000) 06/25 14:44:30 Image size of job updated: 76551792
	69277  -  MemoryUsage of job (MB)
	70938772  -  ResidentSetSize of job (KB)
...
006 (6579802.000.000) 06/25 14:49:31 Image size of job updated: 77049456
	69764  -  MemoryUsage of job (MB)
	71437452  -  ResidentSetSize of job (KB)
...
006 (6579802.000.000) 06/25 14:54:32 Image size of job updated: 77540720
	70240  -  MemoryUsage of job (MB)
	71925220  -  ResidentSetSize of job (KB)
...
006 (6579802.000.000) 06/25 14:59:32 Image size of job updated: 78035824
	70720  -  MemoryUsage of job (MB)
	72416736  -  ResidentSetSize of job (KB)
...
006 (6579802.000.000) 06/25 15:04:32 Image size of job updated: 78536816
	71207  -  MemoryUsage of job (MB)
	72915348  -  ResidentSetSize of job (KB)
...
006 (6579802.000.000) 06/25 15:09:33 Image size of job updated: 79008624
	71689  -  MemoryUsage of job (MB)
	73409376  -  ResidentSetSize of job (KB)
...
006 (6579802.000.000) 06/25 15:14:33 Image size of job updated: 79499888
	72166  -  MemoryUsage of job (MB)
	73897532  -  ResidentSetSize of job (KB)
...
006 (6579802.000.000) 06/25 15:19:33 Image size of job updated: 80021620
	72674  -  MemoryUsage of job (MB)
	74417216  -  ResidentSetSize of job (KB)
...
006 (6579802.000.000) 06/25 15:24:34 Image size of job updated: 80510580
	73154  -  MemoryUsage of job (MB)
	74908736  -  ResidentSetSize of job (KB)
...
006 (6579802.000.000) 06/25 15:29:35 Image size of job updated: 81003124
	73636  -  MemoryUsage of job (MB)
	75402428  -  ResidentSetSize of job (KB)
...
006 (6579802.000.000) 06/25 15:34:35 Image size of job updated: 81502068
	74121  -  MemoryUsage of job (MB)
	75899284  -  ResidentSetSize of job (KB)
...
006 (6579802.000.000) 06/25 15:39:36 Image size of job updated: 82003316
	74610  -  MemoryUsage of job (MB)
	76399868  -  ResidentSetSize of job (KB)
...
006 (6579802.000.000) 06/25 15:44:37 Image size of job updated: 82498420
	75093  -  MemoryUsage of job (MB)
	76894852  -  ResidentSetSize of job (KB)
...
006 (6579802.000.000) 06/25 15:49:37 Image size of job updated: 82984564
	75570  -  MemoryUsage of job (MB)
	77382824  -  ResidentSetSize of job (KB)
...
006 (6579802.000.000) 06/25 15:54:37 Image size of job updated: 83480180
	76051  -  MemoryUsage of job (MB)
	77876036  -  ResidentSetSize of job (KB)
...
006 (6579802.000.000) 06/25 15:59:38 Image size of job updated: 83978868
	76533  -  MemoryUsage of job (MB)
	78369572  -  ResidentSetSize of job (KB)
...
006 (6579802.000.000) 06/25 16:04:38 Image size of job updated: 84472436
	77010  -  MemoryUsage of job (MB)
	78857548  -  ResidentSetSize of job (KB)
...
006 (6579802.000.000) 06/25 16:09:38 Image size of job updated: 84967540
	77495  -  MemoryUsage of job (MB)
	79354824  -  ResidentSetSize of job (KB)
...
006 (6579802.000.000) 06/25 16:14:39 Image size of job updated: 85464436
	77980  -  MemoryUsage of job (MB)
	79850844  -  ResidentSetSize of job (KB)
...
006 (6579802.000.000) 06/25 16:19:39 Image size of job updated: 85960052
	78463  -  MemoryUsage of job (MB)
	80345284  -  ResidentSetSize of job (KB)
...
006 (6579802.000.000) 06/25 16:24:39 Image size of job updated: 86444660
	78937  -  MemoryUsage of job (MB)
	80830980  -  ResidentSetSize of job (KB)
...
006 (6579802.000.000) 06/25 16:29:40 Image size of job updated: 86928756
	79423  -  MemoryUsage of job (MB)
	81328444  -  ResidentSetSize of job (KB)
...
006 (6579802.000.000) 06/25 16:34:41 Image size of job updated: 87436660
	79915  -  MemoryUsage of job (MB)
	81832256  -  ResidentSetSize of job (KB)
...
006 (6579802.000.000) 06/25 16:39:41 Image size of job updated: 87923316
	80383  -  MemoryUsage of job (MB)
	82311396  -  ResidentSetSize of job (KB)
...
006 (6579802.000.000) 06/25 16:44:41 Image size of job updated: 88367476
	80818  -  MemoryUsage of job (MB)
	82756696  -  ResidentSetSize of job (KB)
...
006 (6579802.000.000) 06/25 16:49:42 Image size of job updated: 88822388
	81259  -  MemoryUsage of job (MB)
	83209188  -  ResidentSetSize of job (KB)
...
006 (6579802.000.000) 06/25 16:54:43 Image size of job updated: 89280628
	81701  -  MemoryUsage of job (MB)
	83661788  -  ResidentSetSize of job (KB)
...
006 (6579802.000.000) 06/25 16:59:43 Image size of job updated: 89732724
	82140  -  MemoryUsage of job (MB)
	84110880  -  ResidentSetSize of job (KB)
...
006 (6579802.000.000) 06/25 17:04:44 Image size of job updated: 90167924
	82565  -  MemoryUsage of job (MB)
	84546296  -  ResidentSetSize of job (KB)
...
006 (6579802.000.000) 06/25 17:09:45 Image size of job updated: 90591092
	82996  -  MemoryUsage of job (MB)
	84987168  -  ResidentSetSize of job (KB)
...
006 (6579802.000.000) 06/25 17:14:45 Image size of job updated: 91036788
	83430  -  MemoryUsage of job (MB)
	85432004  -  ResidentSetSize of job (KB)
...
006 (6579802.000.000) 06/25 17:19:46 Image size of job updated: 91481972
	83866  -  MemoryUsage of job (MB)
	85878764  -  ResidentSetSize of job (KB)
...
006 (6579802.000.000) 06/25 17:24:47 Image size of job updated: 91930228
	84303  -  MemoryUsage of job (MB)
	86325836  -  ResidentSetSize of job (KB)
...
006 (6579802.000.000) 06/25 17:29:47 Image size of job updated: 92366452
	84730  -  MemoryUsage of job (MB)
	86762644  -  ResidentSetSize of job (KB)
...
006 (6579802.000.000) 06/25 17:34:47 Image size of job updated: 92808820
	85162  -  MemoryUsage of job (MB)
	87205740  -  ResidentSetSize of job (KB)
...
006 (6579802.000.000) 06/25 17:39:48 Image size of job updated: 93255284
	85597  -  MemoryUsage of job (MB)
	87651104  -  ResidentSetSize of job (KB)
...
006 (6579802.000.000) 06/25 17:44:48 Image size of job updated: 93694836
	86026  -  MemoryUsage of job (MB)
	88090004  -  ResidentSetSize of job (KB)
...
006 (6579802.000.000) 06/25 17:49:48 Image size of job updated: 94132340
	86452  -  MemoryUsage of job (MB)
	88526084  -  ResidentSetSize of job (KB)
...
006 (6579802.000.000) 06/25 17:54:49 Image size of job updated: 94572148
	86883  -  MemoryUsage of job (MB)
	88968092  -  ResidentSetSize of job (KB)
...
006 (6579802.000.000) 06/25 17:59:50 Image size of job updated: 95018356
	87316  -  MemoryUsage of job (MB)
	89411052  -  ResidentSetSize of job (KB)
...
006 (6579802.000.000) 06/25 18:04:50 Image size of job updated: 95459956
	87740  -  MemoryUsage of job (MB)
	89845004  -  ResidentSetSize of job (KB)
...
006 (6579802.000.000) 06/25 18:09:51 Image size of job updated: 95898740
	88162  -  MemoryUsage of job (MB)
	90277252  -  ResidentSetSize of job (KB)
...
006 (6579802.000.000) 06/25 18:14:52 Image size of job updated: 96323188
	88584  -  MemoryUsage of job (MB)
	90709112  -  ResidentSetSize of job (KB)
...
006 (6579802.000.000) 06/25 18:19:52 Image size of job updated: 96749172
	89004  -  MemoryUsage of job (MB)
	91139648  -  ResidentSetSize of job (KB)
...
006 (6579802.000.000) 06/25 18:24:53 Image size of job updated: 97200756
	89435  -  MemoryUsage of job (MB)
	91581332  -  ResidentSetSize of job (KB)
...
006 (6579802.000.000) 06/25 18:29:54 Image size of job updated: 97649268
	89871  -  MemoryUsage of job (MB)
	92027888  -  ResidentSetSize of job (KB)
...
006 (6579802.000.000) 06/25 18:34:54 Image size of job updated: 98089844
	90301  -  MemoryUsage of job (MB)
	92468084  -  ResidentSetSize of job (KB)
...
006 (6579802.000.000) 06/25 18:39:54 Image size of job updated: 98524788
	90726  -  MemoryUsage of job (MB)
	92902964  -  ResidentSetSize of job (KB)
...
006 (6579802.000.000) 06/25 18:44:55 Image size of job updated: 98941812
	91152  -  MemoryUsage of job (MB)
	93339024  -  ResidentSetSize of job (KB)
...
006 (6579802.000.000) 06/25 18:49:55 Image size of job updated: 99376500
	91577  -  MemoryUsage of job (MB)
	93774532  -  ResidentSetSize of job (KB)
...
006 (6579802.000.000) 06/25 18:54:55 Image size of job updated: 99811700
	92004  -  MemoryUsage of job (MB)
	94211288  -  ResidentSetSize of job (KB)
...
006 (6579802.000.000) 06/25 18:59:57 Image size of job updated: 100268404
	92429  -  MemoryUsage of job (MB)
	94646964  -  ResidentSetSize of job (KB)
...
006 (6579802.000.000) 06/25 19:04:57 Image size of job updated: 100707700
	92858  -  MemoryUsage of job (MB)
	95086496  -  ResidentSetSize of job (KB)
...
006 (6579802.000.000) 06/25 19:09:57 Image size of job updated: 101132916
	93294  -  MemoryUsage of job (MB)
	95532364  -  ResidentSetSize of job (KB)
...
006 (6579802.000.000) 06/25 19:14:58 Image size of job updated: 101601908
	93731  -  MemoryUsage of job (MB)
	95979836  -  ResidentSetSize of job (KB)
...
006 (6579802.000.000) 06/25 19:19:59 Image size of job updated: 102048628
	94168  -  MemoryUsage of job (MB)
	96427880  -  ResidentSetSize of job (KB)
...
006 (6579802.000.000) 06/25 19:24:59 Image size of job updated: 102488948
	94599  -  MemoryUsage of job (MB)
	96868436  -  ResidentSetSize of job (KB)
...
006 (6579802.000.000) 06/25 19:30:00 Image size of job updated: 102938228
	95036  -  MemoryUsage of job (MB)
	97316724  -  ResidentSetSize of job (KB)
...
006 (6579802.000.000) 06/25 19:35:01 Image size of job updated: 103352948
	95459  -  MemoryUsage of job (MB)
	97749404  -  ResidentSetSize of job (KB)
...
006 (6579802.000.000) 06/25 19:40:01 Image size of job updated: 103778932
	95863  -  MemoryUsage of job (MB)
	98163700  -  ResidentSetSize of job (KB)
...
006 (6579802.000.000) 06/25 19:45:01 Image size of job updated: 104193140
	96280  -  MemoryUsage of job (MB)
	98590164  -  ResidentSetSize of job (KB)
...
006 (6579802.000.000) 06/25 19:50:02 Image size of job updated: 104619636
	96689  -  MemoryUsage of job (MB)
	99008872  -  ResidentSetSize of job (KB)
...
006 (6579802.000.000) 06/25 19:55:02 Image size of job updated: 105053300
	97102  -  MemoryUsage of job (MB)
	99431860  -  ResidentSetSize of job (KB)
...
006 (6579802.000.000) 06/25 20:00:02 Image size of job updated: 105473140
	97522  -  MemoryUsage of job (MB)
	99862468  -  ResidentSetSize of job (KB)
...
006 (6579802.000.000) 06/25 20:05:03 Image size of job updated: 105912692
	97945  -  MemoryUsage of job (MB)
	100295504  -  ResidentSetSize of job (KB)
...
006 (6579802.000.000) 06/25 20:10:03 Image size of job updated: 106334324
	98370  -  MemoryUsage of job (MB)
	100730140  -  ResidentSetSize of job (KB)
...
006 (6579802.000.000) 06/25 20:15:03 Image size of job updated: 106758516
	98784  -  MemoryUsage of job (MB)
	101154364  -  ResidentSetSize of job (KB)
...
006 (6579802.000.000) 06/25 20:20:04 Image size of job updated: 107193460
	99208  -  MemoryUsage of job (MB)
	101588128  -  ResidentSetSize of job (KB)
...
006 (6579802.000.000) 06/25 20:25:04 Image size of job updated: 107632500
	99636  -  MemoryUsage of job (MB)
	102027140  -  ResidentSetSize of job (KB)
...
006 (6579802.000.000) 06/25 20:30:04 Image size of job updated: 108071540
	100064  -  MemoryUsage of job (MB)
	102465036  -  ResidentSetSize of job (KB)
...
006 (6579802.000.000) 06/25 20:35:05 Image size of job updated: 108510580
	100489  -  MemoryUsage of job (MB)
	102900716  -  ResidentSetSize of job (KB)
...
006 (6579802.000.000) 06/25 20:40:05 Image size of job updated: 108930932
	100900  -  MemoryUsage of job (MB)
	103321088  -  ResidentSetSize of job (KB)
...
006 (6579802.000.000) 06/25 20:45:05 Image size of job updated: 109364852
	101324  -  MemoryUsage of job (MB)
	103755080  -  ResidentSetSize of job (KB)
...
006 (6579802.000.000) 06/25 20:50:07 Image size of job updated: 109796980
	101747  -  MemoryUsage of job (MB)
	104188912  -  ResidentSetSize of job (KB)
...
006 (6579802.000.000) 06/25 20:55:07 Image size of job updated: 110225524
	102165  -  MemoryUsage of job (MB)
	104616612  -  ResidentSetSize of job (KB)
...
006 (6579802.000.000) 06/25 21:00:07 Image size of job updated: 110654836
	102584  -  MemoryUsage of job (MB)
	105045196  -  ResidentSetSize of job (KB)
...
006 (6579802.000.000) 06/25 21:05:08 Image size of job updated: 111070068
	102989  -  MemoryUsage of job (MB)
	105459820  -  ResidentSetSize of job (KB)
...
006 (6579802.000.000) 06/25 21:10:09 Image size of job updated: 111493236
	103395  -  MemoryUsage of job (MB)
	105876244  -  ResidentSetSize of job (KB)
...
006 (6579802.000.000) 06/25 21:15:09 Image size of job updated: 111916404
	103804  -  MemoryUsage of job (MB)
	106295100  -  ResidentSetSize of job (KB)
...
006 (6579802.000.000) 06/25 21:20:10 Image size of job updated: 112323700
	104221  -  MemoryUsage of job (MB)
	106721828  -  ResidentSetSize of job (KB)
...
006 (6579802.000.000) 06/25 21:25:11 Image size of job updated: 112766324
	104638  -  MemoryUsage of job (MB)
	107148704  -  ResidentSetSize of job (KB)
...
006 (6579802.000.000) 06/25 21:30:11 Image size of job updated: 113188980
	105050  -  MemoryUsage of job (MB)
	107570624  -  ResidentSetSize of job (KB)
...
006 (6579802.000.000) 06/25 21:35:11 Image size of job updated: 113596532
	105465  -  MemoryUsage of job (MB)
	107995224  -  ResidentSetSize of job (KB)
...
006 (6579802.000.000) 06/25 21:40:12 Image size of job updated: 114028660
	105883  -  MemoryUsage of job (MB)
	108423272  -  ResidentSetSize of job (KB)
...
006 (6579802.000.000) 06/25 21:45:12 Image size of job updated: 114461044
	106305  -  MemoryUsage of job (MB)
	108855900  -  ResidentSetSize of job (KB)
...
006 (6579802.000.000) 06/25 21:50:12 Image size of job updated: 114892916
	106728  -  MemoryUsage of job (MB)
	109288868  -  ResidentSetSize of job (KB)
...
006 (6579802.000.000) 06/25 21:55:13 Image size of job updated: 115328116
	107153  -  MemoryUsage of job (MB)
	109724496  -  ResidentSetSize of job (KB)
...
006 (6579802.000.000) 06/25 22:00:13 Image size of job updated: 115756404
	107569  -  MemoryUsage of job (MB)
	110149880  -  ResidentSetSize of job (KB)
...
006 (6579802.000.000) 06/25 22:05:13 Image size of job updated: 116190836
	107995  -  MemoryUsage of job (MB)
	110586188  -  ResidentSetSize of job (KB)
...
006 (6579802.000.000) 06/25 22:10:14 Image size of job updated: 116628596
	108422  -  MemoryUsage of job (MB)
	111023416  -  ResidentSetSize of job (KB)
...
006 (6579802.000.000) 06/25 22:15:15 Image size of job updated: 117064052
	108845  -  MemoryUsage of job (MB)
	111456704  -  ResidentSetSize of job (KB)
...
006 (6579802.000.000) 06/25 22:20:15 Image size of job updated: 117497972
	109267  -  MemoryUsage of job (MB)
	111888620  -  ResidentSetSize of job (KB)
...
006 (6579802.000.000) 06/25 22:25:16 Image size of job updated: 117923700
	109682  -  MemoryUsage of job (MB)
	112314280  -  ResidentSetSize of job (KB)
...
006 (6579802.000.000) 06/25 22:30:17 Image size of job updated: 118352756
	110100  -  MemoryUsage of job (MB)
	112741620  -  ResidentSetSize of job (KB)
...
006 (6579802.000.000) 06/25 22:35:17 Image size of job updated: 118788468
	110521  -  MemoryUsage of job (MB)
	113173100  -  ResidentSetSize of job (KB)
...
006 (6579802.000.000) 06/25 22:40:18 Image size of job updated: 119218548
	110944  -  MemoryUsage of job (MB)
	113606080  -  ResidentSetSize of job (KB)
...
006 (6579802.000.000) 06/25 22:45:19 Image size of job updated: 119649396
	111362  -  MemoryUsage of job (MB)
	114033824  -  ResidentSetSize of job (KB)
...
006 (6579802.000.000) 06/25 22:50:19 Image size of job updated: 120062580
	111760  -  MemoryUsage of job (MB)
	114441564  -  ResidentSetSize of job (KB)
...
006 (6579802.000.000) 06/25 22:55:19 Image size of job updated: 120451956
	112152  -  MemoryUsage of job (MB)
	114843212  -  ResidentSetSize of job (KB)
...
006 (6579802.000.000) 06/25 23:00:20 Image size of job updated: 120870772
	112562  -  MemoryUsage of job (MB)
	115263324  -  ResidentSetSize of job (KB)
...
006 (6579802.000.000) 06/25 23:05:20 Image size of job updated: 121303412
	112977  -  MemoryUsage of job (MB)
	115688256  -  ResidentSetSize of job (KB)
...
006 (6579802.000.000) 06/25 23:10:20 Image size of job updated: 121735028
	113394  -  MemoryUsage of job (MB)
	116115352  -  ResidentSetSize of job (KB)
...
006 (6579802.000.000) 06/25 23:15:22 Image size of job updated: 122165364
	113816  -  MemoryUsage of job (MB)
	116547180  -  ResidentSetSize of job (KB)
...
006 (6579802.000.000) 06/25 23:20:22 Image size of job updated: 122587508
	114228  -  MemoryUsage of job (MB)
	116968852  -  ResidentSetSize of job (KB)
...
006 (6579802.000.000) 06/25 23:25:22 Image size of job updated: 122998132
	114646  -  MemoryUsage of job (MB)
	117397000  -  ResidentSetSize of job (KB)
...
006 (6579802.000.000) 06/25 23:30:23 Image size of job updated: 123430516
	115068  -  MemoryUsage of job (MB)
	117828992  -  ResidentSetSize of job (KB)
...
006 (6579802.000.000) 06/25 23:35:24 Image size of job updated: 123858548
	115486  -  MemoryUsage of job (MB)
	118257188  -  ResidentSetSize of job (KB)
...
006 (6579802.000.000) 06/25 23:40:24 Image size of job updated: 124289652
	115905  -  MemoryUsage of job (MB)
	118685736  -  ResidentSetSize of job (KB)
...
006 (6579802.000.000) 06/25 23:45:25 Image size of job updated: 124713588
	116319  -  MemoryUsage of job (MB)
	119110036  -  ResidentSetSize of job (KB)
...
006 (6579802.000.000) 06/25 23:50:26 Image size of job updated: 125121652
	116715  -  MemoryUsage of job (MB)
	119515668  -  ResidentSetSize of job (KB)
...
006 (6579802.000.000) 06/25 23:55:26 Image size of job updated: 125537140
	117121  -  MemoryUsage of job (MB)
	119931652  -  ResidentSetSize of job (KB)
...
006 (6579802.000.000) 06/26 00:00:27 Image size of job updated: 125962356
	117537  -  MemoryUsage of job (MB)
	120357644  -  ResidentSetSize of job (KB)
...
006 (6579802.000.000) 06/26 00:05:28 Image size of job updated: 126390132
	117954  -  MemoryUsage of job (MB)
	120784100  -  ResidentSetSize of job (KB)
...
006 (6579802.000.000) 06/26 00:10:28 Image size of job updated: 126806388
	118359  -  MemoryUsage of job (MB)
	121199044  -  ResidentSetSize of job (KB)
...
006 (6579802.000.000) 06/26 00:15:28 Image size of job updated: 127230324
	118772  -  MemoryUsage of job (MB)
	121621568  -  ResidentSetSize of job (KB)
...
006 (6579802.000.000) 06/26 00:20:29 Image size of job updated: 127647348
	119177  -  MemoryUsage of job (MB)
	122036364  -  ResidentSetSize of job (KB)
...
006 (6579802.000.000) 06/26 00:25:29 Image size of job updated: 128072308
	119587  -  MemoryUsage of job (MB)
	122456124  -  ResidentSetSize of job (KB)
...
006 (6579802.000.000) 06/26 00:30:29 Image size of job updated: 128478580
	119995  -  MemoryUsage of job (MB)
	122874356  -  ResidentSetSize of job (KB)
...
006 (6579802.000.000) 06/26 00:35:30 Image size of job updated: 128911732
	120410  -  MemoryUsage of job (MB)
	123299304  -  ResidentSetSize of job (KB)
...
006 (6579802.000.000) 06/26 00:40:31 Image size of job updated: 129325940
	120823  -  MemoryUsage of job (MB)
	123721844  -  ResidentSetSize of job (KB)
...
006 (6579802.000.000) 06/26 00:45:31 Image size of job updated: 129751412
	121236  -  MemoryUsage of job (MB)
	124144684  -  ResidentSetSize of job (KB)
...
006 (6579802.000.000) 06/26 00:50:32 Image size of job updated: 130182516
	121642  -  MemoryUsage of job (MB)
	124561364  -  ResidentSetSize of job (KB)
...
006 (6579802.000.000) 06/26 00:55:33 Image size of job updated: 130598260
	122049  -  MemoryUsage of job (MB)
	124977244  -  ResidentSetSize of job (KB)
...
006 (6579802.000.000) 06/26 01:00:33 Image size of job updated: 130993524
	122453  -  MemoryUsage of job (MB)
	125390976  -  ResidentSetSize of job (KB)
...
006 (6579802.000.000) 06/26 01:05:34 Image size of job updated: 131435636
	122866  -  MemoryUsage of job (MB)
	125814776  -  ResidentSetSize of job (KB)
...
006 (6579802.000.000) 06/26 01:10:35 Image size of job updated: 131837556
	123279  -  MemoryUsage of job (MB)
	126236796  -  ResidentSetSize of job (KB)
...
006 (6579802.000.000) 06/26 01:15:35 Image size of job updated: 132258420
	123686  -  MemoryUsage of job (MB)
	126653964  -  ResidentSetSize of job (KB)
...
006 (6579802.000.000) 06/26 01:20:35 Image size of job updated: 132668276
	124084  -  MemoryUsage of job (MB)
	127061632  -  ResidentSetSize of job (KB)
...
006 (6579802.000.000) 06/26 01:25:36 Image size of job updated: 133084276
	124487  -  MemoryUsage of job (MB)
	127474116  -  ResidentSetSize of job (KB)
...
006 (6579802.000.000) 06/26 01:30:36 Image size of job updated: 133499508
	124893  -  MemoryUsage of job (MB)
	127889928  -  ResidentSetSize of job (KB)
...
006 (6579802.000.000) 06/26 01:35:36 Image size of job updated: 133916788
	125301  -  MemoryUsage of job (MB)
	128307352  -  ResidentSetSize of job (KB)
...
006 (6579802.000.000) 06/26 01:40:37 Image size of job updated: 134332788
	125708  -  MemoryUsage of job (MB)
	128724604  -  ResidentSetSize of job (KB)
...
006 (6579802.000.000) 06/26 01:45:37 Image size of job updated: 134740852
	126105  -  MemoryUsage of job (MB)
	129131100  -  ResidentSetSize of job (KB)
...
006 (6579802.000.000) 06/26 01:50:37 Image size of job updated: 135162228
	126515  -  MemoryUsage of job (MB)
	129551180  -  ResidentSetSize of job (KB)
...
006 (6579802.000.000) 06/26 01:55:38 Image size of job updated: 135576692
	126910  -  MemoryUsage of job (MB)
	129955692  -  ResidentSetSize of job (KB)
...
006 (6579802.000.000) 06/26 02:00:39 Image size of job updated: 135973492
	127314  -  MemoryUsage of job (MB)
	130369524  -  ResidentSetSize of job (KB)
...
006 (6579802.000.000) 06/26 02:05:39 Image size of job updated: 136405108
	127720  -  MemoryUsage of job (MB)
	130784436  -  ResidentSetSize of job (KB)
...
006 (6579802.000.000) 06/26 02:10:40 Image size of job updated: 136817012
	128127  -  MemoryUsage of job (MB)
	131201744  -  ResidentSetSize of job (KB)
...
006 (6579802.000.000) 06/26 02:15:41 Image size of job updated: 137235828
	128533  -  MemoryUsage of job (MB)
	131617676  -  ResidentSetSize of job (KB)
...
006 (6579802.000.000) 06/26 02:20:41 Image size of job updated: 137636468
	128940  -  MemoryUsage of job (MB)
	132034196  -  ResidentSetSize of job (KB)
...
006 (6579802.000.000) 06/26 02:25:42 Image size of job updated: 138054004
	129338  -  MemoryUsage of job (MB)
	132441884  -  ResidentSetSize of job (KB)
...
006 (6579802.000.000) 06/26 02:30:43 Image size of job updated: 138459764
	129744  -  MemoryUsage of job (MB)
	132857636  -  ResidentSetSize of job (KB)
...
006 (6579802.000.000) 06/26 02:35:43 Image size of job updated: 138873972
	130149  -  MemoryUsage of job (MB)
	133272548  -  ResidentSetSize of job (KB)
...
006 (6579802.000.000) 06/26 02:40:43 Image size of job updated: 139290740
	130549  -  MemoryUsage of job (MB)
	133682136  -  ResidentSetSize of job (KB)
...
006 (6579802.000.000) 06/26 02:45:44 Image size of job updated: 139695476
	130946  -  MemoryUsage of job (MB)
	134088384  -  ResidentSetSize of job (KB)
...
006 (6579802.000.000) 06/26 02:50:44 Image size of job updated: 140103284
	131343  -  MemoryUsage of job (MB)
	134494684  -  ResidentSetSize of job (KB)
...
006 (6579802.000.000) 06/26 02:55:44 Image size of job updated: 140511604
	131741  -  MemoryUsage of job (MB)
	134902648  -  ResidentSetSize of job (KB)
...
006 (6579802.000.000) 06/26 03:00:45 Image size of job updated: 140910196
	132130  -  MemoryUsage of job (MB)
	135300632  -  ResidentSetSize of job (KB)
...
006 (6579802.000.000) 06/26 03:05:45 Image size of job updated: 141320820
	132525  -  MemoryUsage of job (MB)
	135705360  -  ResidentSetSize of job (KB)
...
006 (6579802.000.000) 06/26 03:10:45 Image size of job updated: 141730164
	132925  -  MemoryUsage of job (MB)
	136114792  -  ResidentSetSize of job (KB)
...
006 (6579802.000.000) 06/26 03:15:46 Image size of job updated: 142143860
	133330  -  MemoryUsage of job (MB)
	136529820  -  ResidentSetSize of job (KB)
...
006 (6579802.000.000) 06/26 03:20:47 Image size of job updated: 142556020
	133727  -  MemoryUsage of job (MB)
	136936376  -  ResidentSetSize of job (KB)
...
006 (6579802.000.000) 06/26 03:25:47 Image size of job updated: 142956660
	134126  -  MemoryUsage of job (MB)
	137344592  -  ResidentSetSize of job (KB)
...
006 (6579802.000.000) 06/26 03:30:48 Image size of job updated: 143358068
	134514  -  MemoryUsage of job (MB)
	137741792  -  ResidentSetSize of job (KB)
...
006 (6579802.000.000) 06/26 03:35:49 Image size of job updated: 143764084
	134907  -  MemoryUsage of job (MB)
	138144452  -  ResidentSetSize of job (KB)
...
006 (6579802.000.000) 06/26 03:40:49 Image size of job updated: 144170612
	135302  -  MemoryUsage of job (MB)
	138548812  -  ResidentSetSize of job (KB)
...
006 (6579802.000.000) 06/26 03:45:50 Image size of job updated: 144571764
	135697  -  MemoryUsage of job (MB)
	138953700  -  ResidentSetSize of job (KB)
...
006 (6579802.000.000) 06/26 03:50:51 Image size of job updated: 144979060
	136092  -  MemoryUsage of job (MB)
	139357324  -  ResidentSetSize of job (KB)
...
006 (6579802.000.000) 06/26 03:55:51 Image size of job updated: 145369972
	136483  -  MemoryUsage of job (MB)
	139758572  -  ResidentSetSize of job (KB)
...
006 (6579802.000.000) 06/26 04:00:51 Image size of job updated: 145780852
	136879  -  MemoryUsage of job (MB)
	140163812  -  ResidentSetSize of job (KB)
...
006 (6579802.000.000) 06/26 04:05:52 Image size of job updated: 146180212
	137266  -  MemoryUsage of job (MB)
	140559868  -  ResidentSetSize of job (KB)
...
006 (6579802.000.000) 06/26 04:10:52 Image size of job updated: 146576500
	137667  -  MemoryUsage of job (MB)
	140971004  -  ResidentSetSize of job (KB)
...
006 (6579802.000.000) 06/26 04:15:52 Image size of job updated: 147016564
	138090  -  MemoryUsage of job (MB)
	141403752  -  ResidentSetSize of job (KB)
...
006 (6579802.000.000) 06/26 04:20:53 Image size of job updated: 147428212
	138491  -  MemoryUsage of job (MB)
	141813824  -  ResidentSetSize of job (KB)
...
006 (6579802.000.000) 06/26 04:25:53 Image size of job updated: 147838580
	138891  -  MemoryUsage of job (MB)
	142223480  -  ResidentSetSize of job (KB)
...
006 (6579802.000.000) 06/26 04:30:53 Image size of job updated: 148243060
	139292  -  MemoryUsage of job (MB)
	142634484  -  ResidentSetSize of job (KB)
...
006 (6579802.000.000) 06/26 04:35:54 Image size of job updated: 148654964
	139695  -  MemoryUsage of job (MB)
	143046868  -  ResidentSetSize of job (KB)
...
006 (6579802.000.000) 06/26 04:40:55 Image size of job updated: 149054068
	140083  -  MemoryUsage of job (MB)
	143444984  -  ResidentSetSize of job (KB)
...
006 (6579802.000.000) 06/26 04:45:55 Image size of job updated: 149468276
	140485  -  MemoryUsage of job (MB)
	143856420  -  ResidentSetSize of job (KB)
...
006 (6579802.000.000) 06/26 04:50:56 Image size of job updated: 149882484
	140889  -  MemoryUsage of job (MB)
	144269436  -  ResidentSetSize of job (KB)
...
006 (6579802.000.000) 06/26 04:55:57 Image size of job updated: 150302836
	141292  -  MemoryUsage of job (MB)
	144682852  -  ResidentSetSize of job (KB)
...
006 (6579802.000.000) 06/26 05:00:57 Image size of job updated: 150710900
	141691  -  MemoryUsage of job (MB)
	145090872  -  ResidentSetSize of job (KB)
...
006 (6579802.000.000) 06/26 05:05:57 Image size of job updated: 151101556
	142090  -  MemoryUsage of job (MB)
	145499364  -  ResidentSetSize of job (KB)
...
006 (6579802.000.000) 06/26 05:10:58 Image size of job updated: 151525748
	142488  -  MemoryUsage of job (MB)
	145907124  -  ResidentSetSize of job (KB)
...
006 (6579802.000.000) 06/26 05:15:58 Image size of job updated: 151909748
	142875  -  MemoryUsage of job (MB)
	146303080  -  ResidentSetSize of job (KB)
...
006 (6579802.000.000) 06/26 05:20:59 Image size of job updated: 152316788
	143269  -  MemoryUsage of job (MB)
	146707412  -  ResidentSetSize of job (KB)
...
006 (6579802.000.000) 06/26 05:25:59 Image size of job updated: 152724340
	143662  -  MemoryUsage of job (MB)
	147109684  -  ResidentSetSize of job (KB)
...
006 (6579802.000.000) 06/26 05:30:59 Image size of job updated: 153125748
	144050  -  MemoryUsage of job (MB)
	147506584  -  ResidentSetSize of job (KB)
...
006 (6579802.000.000) 06/26 05:36:00 Image size of job updated: 153524084
	144438  -  MemoryUsage of job (MB)
	147904180  -  ResidentSetSize of job (KB)
...
006 (6579802.000.000) 06/26 05:41:01 Image size of job updated: 153913204
	144829  -  MemoryUsage of job (MB)
	148304780  -  ResidentSetSize of job (KB)
...
006 (6579802.000.000) 06/26 05:46:01 Image size of job updated: 154329460
	145225  -  MemoryUsage of job (MB)
	148709984  -  ResidentSetSize of job (KB)
...
006 (6579802.000.000) 06/26 05:51:02 Image size of job updated: 154728308
	145623  -  MemoryUsage of job (MB)
	149117148  -  ResidentSetSize of job (KB)
...
006 (6579802.000.000) 06/26 05:56:03 Image size of job updated: 155113844
	146006  -  MemoryUsage of job (MB)
	149510084  -  ResidentSetSize of job (KB)
...
006 (6579802.000.000) 06/26 06:01:03 Image size of job updated: 155523700
	146403  -  MemoryUsage of job (MB)
	149916132  -  ResidentSetSize of job (KB)
...
006 (6579802.000.000) 06/26 06:06:04 Image size of job updated: 155932788
	146800  -  MemoryUsage of job (MB)
	150322424  -  ResidentSetSize of job (KB)
...
006 (6579802.000.000) 06/26 06:11:05 Image size of job updated: 156339316
	147196  -  MemoryUsage of job (MB)
	150728036  -  ResidentSetSize of job (KB)
...
006 (6579802.000.000) 06/26 06:16:05 Image size of job updated: 156747892
	147591  -  MemoryUsage of job (MB)
	151133120  -  ResidentSetSize of job (KB)
...
006 (6579802.000.000) 06/26 06:21:05 Image size of job updated: 157142388
	147973  -  MemoryUsage of job (MB)
	151523812  -  ResidentSetSize of job (KB)
...
006 (6579802.000.000) 06/26 06:26:06 Image size of job updated: 157538676
	148357  -  MemoryUsage of job (MB)
	151917052  -  ResidentSetSize of job (KB)
...
006 (6579802.000.000) 06/26 06:31:06 Image size of job updated: 157905012
	148731  -  MemoryUsage of job (MB)
	152299716  -  ResidentSetSize of job (KB)
...
006 (6579802.000.000) 06/26 06:36:06 Image size of job updated: 158299764
	149115  -  MemoryUsage of job (MB)
	152693708  -  ResidentSetSize of job (KB)
...
006 (6579802.000.000) 06/26 06:41:07 Image size of job updated: 158693236
	149503  -  MemoryUsage of job (MB)
	153090392  -  ResidentSetSize of job (KB)
...
006 (6579802.000.000) 06/26 06:46:08 Image size of job updated: 159094388
	149891  -  MemoryUsage of job (MB)
	153488068  -  ResidentSetSize of job (KB)
...
006 (6579802.000.000) 06/26 06:51:08 Image size of job updated: 159485044
	150273  -  MemoryUsage of job (MB)
	153879476  -  ResidentSetSize of job (KB)
...
006 (6579802.000.000) 06/26 06:56:09 Image size of job updated: 159891316
	150670  -  MemoryUsage of job (MB)
	154285448  -  ResidentSetSize of job (KB)
...
006 (6579802.000.000) 06/26 07:01:10 Image size of job updated: 160297844
	151065  -  MemoryUsage of job (MB)
	154690296  -  ResidentSetSize of job (KB)
...
006 (6579802.000.000) 06/26 07:06:10 Image size of job updated: 160701044
	151460  -  MemoryUsage of job (MB)
	155094116  -  ResidentSetSize of job (KB)
...
006 (6579802.000.000) 06/26 07:11:11 Image size of job updated: 161103476
	151839  -  MemoryUsage of job (MB)
	155482536  -  ResidentSetSize of job (KB)
...
006 (6579802.000.000) 06/26 07:16:12 Image size of job updated: 161495924
	152224  -  MemoryUsage of job (MB)
	155877224  -  ResidentSetSize of job (KB)
...
006 (6579802.000.000) 06/26 07:21:13 Image size of job updated: 161896564
	152614  -  MemoryUsage of job (MB)
	156276728  -  ResidentSetSize of job (KB)
...
006 (6579802.000.000) 06/26 07:26:14 Image size of job updated: 162290548
	153005  -  MemoryUsage of job (MB)
	156676680  -  ResidentSetSize of job (KB)
...
006 (6579802.000.000) 06/26 07:31:14 Image size of job updated: 162685556
	153396  -  MemoryUsage of job (MB)
	157077244  -  ResidentSetSize of job (KB)
...
006 (6579802.000.000) 06/26 07:36:14 Image size of job updated: 163089268
	153787  -  MemoryUsage of job (MB)
	157477760  -  ResidentSetSize of job (KB)
...
006 (6579802.000.000) 06/26 07:41:15 Image size of job updated: 163501428
	154180  -  MemoryUsage of job (MB)
	157879784  -  ResidentSetSize of job (KB)
...
006 (6579802.000.000) 06/26 07:46:15 Image size of job updated: 163892340
	154573  -  MemoryUsage of job (MB)
	158282748  -  ResidentSetSize of job (KB)
...
006 (6579802.000.000) 06/26 07:51:15 Image size of job updated: 164293492
	154954  -  MemoryUsage of job (MB)
	158672232  -  ResidentSetSize of job (KB)
...
006 (6579802.000.000) 06/26 07:56:17 Image size of job updated: 164685172
	155346  -  MemoryUsage of job (MB)
	159073596  -  ResidentSetSize of job (KB)
...
006 (6579802.000.000) 06/26 08:01:17 Image size of job updated: 165081972
	155739  -  MemoryUsage of job (MB)
	159475792  -  ResidentSetSize of job (KB)
...
006 (6579802.000.000) 06/26 08:06:17 Image size of job updated: 165491060
	156135  -  MemoryUsage of job (MB)
	159881656  -  ResidentSetSize of job (KB)
...
006 (6579802.000.000) 06/26 08:11:18 Image size of job updated: 165894772
	156530  -  MemoryUsage of job (MB)
	160286316  -  ResidentSetSize of job (KB)
...
006 (6579802.000.000) 06/26 08:16:19 Image size of job updated: 175830892
	156748  -  MemoryUsage of job (MB)
	160509724  -  ResidentSetSize of job (KB)
...
005 (6579802.000.000) 06/26 08:24:17 Job terminated.
	(1) Normal termination (return value 0)
		Usr 1 03:39:18, Sys 0 00:36:06  -  Run Remote Usage
		Usr 0 00:00:00, Sys 0 00:00:00  -  Run Local Usage
		Usr 1 03:39:18, Sys 0 00:36:06  -  Total Remote Usage
		Usr 0 00:00:00, Sys 0 00:00:00  -  Total Local Usage
	27335980  -  Run Bytes Sent By Job
	14810  -  Run Bytes Received By Job
	27335980  -  Total Bytes Sent By Job
	14810  -  Total Bytes Received By Job
	Partitionable Resources :     Usage  Request Allocated 
	   Cpus                 :      1.00        1         1 
	   Disk (KB)            :  26724          15 476211008 
	   Memory (MB)          : 156748           1      8033 
...
